<?xml version="1.0" encoding="UTF-8"?>
<!-- Generated by org.testng.reporters.JUnitXMLReporter -->
<testsuite ignored="0" hostname="DESKTOP-V4VMHNU" failures="1" tests="3" name="Error Validations Test" time="16.045" errors="0" timestamp="2024-06-06T12:16:44 CEST">
  <testcase classname="milanivanovicacademy.tests.ErrorValidationsTest" name="LoginErrorValidation" time="0.464">
    <skipped/>
  </testcase> <!-- LoginErrorValidation -->
  <testcase classname="milanivanovicacademy.tests.ErrorValidationsTest" name="LoginErrorValidation" time="1.001">
    <failure type="java.lang.AssertionError" message="expected [Incorrect email or password.] but found [Incorrect email  password.]">
      <![CDATA[java.lang.AssertionError: expected [Incorrect email or password.] but found [Incorrect email  password.]
at milanivanovicacademy.tests.ErrorValidationsTest.LoginErrorValidation(ErrorValidationsTest.java:29)
at java.base/java.util.ArrayList.forEach(ArrayList.java:1511)
at java.base/java.util.concurrent.FutureTask.run(FutureTask.java:264)
at java.base/java.util.concurrent.ThreadPoolExecutor.runWorker(ThreadPoolExecutor.java:1136)
at java.base/java.util.concurrent.ThreadPoolExecutor$Worker.run(ThreadPoolExecutor.java:635)
at java.base/java.lang.Thread.run(Thread.java:840)
... Removed 24 stack frames]]>
    </failure>
  </testcase> <!-- LoginErrorValidation -->
  <testcase classname="milanivanovicacademy.tests.ErrorValidationsTest" name="ProductErrorValidation" time="2.349"/>
</testsuite> <!-- Error Validations Test -->
