<?xml version="1.0" encoding="UTF-8"?>
<!-- Generated by org.testng.reporters.JUnitXMLReporter -->
<testsuite ignored="0" hostname="DESKTOP-V4VMHNU" failures="0" tests="3" name="Submit Order Test" time="18.33" errors="0" timestamp="2024-06-06T12:16:47 CEST">
  <testcase classname="milanivanovicacademy.tests.SubmitOrderTest" name="submitOrder" time="3.34"/>
  <testcase classname="milanivanovicacademy.tests.SubmitOrderTest" name="submitOrder" time="3.14"/>
  <testcase classname="milanivanovicacademy.tests.SubmitOrderTest" name="OrderHistoryTest" time="0.759"/>
</testsuite> <!-- Submit Order Test -->
